<?xml version="1.0" encoding="UTF-8"?>
<testng-results ignored="0" total="1" passed="1" failed="0" skipped="0">
  <reporter-output>
  </reporter-output>
  <suite started-at="2024-07-07T12:53:31 IST" name="Default suite" finished-at="2024-07-07T12:53:47 IST" duration-ms="16200">
    <groups>
    </groups>
    <test started-at="2024-07-07T12:53:31 IST" name="Default test" finished-at="2024-07-07T12:53:47 IST" duration-ms="16200">
      <class name="SDET201_Assignment_5.scroll">
        <test-method is-config="true" signature="bt()[pri:0, instance:SDET201_Assignment_5.scroll@6574a52c]" started-at="2024-07-07T12:53:31 IST" name="bt" finished-at="2024-07-07T12:53:38 IST" duration-ms="7867" status="PASS">
          <reporter-output>
          </reporter-output>
        </test-method> <!-- bt -->
        <test-method signature="task()[pri:0, instance:SDET201_Assignment_5.scroll@6574a52c]" started-at="2024-07-07T12:53:39 IST" name="task" finished-at="2024-07-07T12:53:47 IST" duration-ms="8190" status="PASS">
          <reporter-output>
          </reporter-output>
        </test-method> <!-- task -->
      </class> <!-- SDET201_Assignment_5.scroll -->
    </test> <!-- Default test -->
  </suite> <!-- Default suite -->
</testng-results>
